<?xml version="1.0" encoding="UTF-8"?>
<!-- Generated by org.testng.reporters.JUnitReportReporter -->
<testsuite hostname="DESKTOP-DQ56HI0" failures="0" tests="1" name="Page_Test.OwnAnotherCarPage_Test" time="187.757" errors="0" timestamp="2020-05-11T14:56:02 AEST" skipped="0">
  <testcase classname="Page_Test.OwnAnotherCarPage_Test" name="CheckOwningAnotherCar" time="187.757"/>
  <system-out/>
</testsuite> <!-- Page_Test.OwnAnotherCarPage_Test -->
