<?xml version="1.0" encoding="UTF-8"?>
<!-- Generated by org.testng.reporters.JUnitReportReporter -->
<testsuite hostname="DESKTOP-DQ56HI0" failures="0" tests="1" name="Page_Test.FinancePage_Test" time="139.110" errors="0" timestamp="2020-05-11T10:48:16 AEST" skipped="0">
  <testcase classname="Page_Test.FinancePage_Test" name="CheckAvgKms" time="139.110"/>
  <system-out/>
</testsuite> <!-- Page_Test.FinancePage_Test -->
