<?xml version="1.0" encoding="UTF-8"?>
<!-- Generated by org.testng.reporters.JUnitReportReporter -->
<testsuite hostname="DESKTOP-DQ56HI0" failures="0" tests="1" name="Page_Test.VechRegConfirmationPage_Test" time="66.702" errors="0" timestamp="2020-05-09T15:34:26 AEST" skipped="0">
  <testcase classname="Page_Test.VechRegConfirmationPage_Test" name="CheckVechRegConfirmation" time="66.702"/>
  <system-out/>
</testsuite> <!-- Page_Test.VechRegConfirmationPage_Test -->
