<?xml version="1.0" encoding="UTF-8"?>
<!-- Generated by org.testng.reporters.JUnitReportReporter -->
<testsuite hostname="DESKTOP-DQ56HI0" failures="0" tests="1" name="Page_Test.BusinessPage_Test" time="119.945" errors="0" timestamp="2020-05-11T10:24:51 AEST" skipped="0">
  <testcase classname="Page_Test.BusinessPage_Test" name="CheckBusinessUse" time="119.945"/>
  <system-out/>
</testsuite> <!-- Page_Test.BusinessPage_Test -->
