<?xml version="1.0" encoding="UTF-8"?>
<!-- Generated by org.testng.reporters.JUnitReportReporter -->
<testsuite hostname="DESKTOP-DQ56HI0" failures="0" tests="1" name="Page_Test.FactoryPage_Test" time="79.806" errors="0" timestamp="2020-05-09T15:42:13 AEST" skipped="0">
  <testcase classname="Page_Test.FactoryPage_Test" name="CheckFactoryOpt" time="79.806"/>
  <system-out/>
</testsuite> <!-- Page_Test.FactoryPage_Test -->
