<?xml version="1.0" encoding="UTF-8"?>
<!-- Generated by org.testng.reporters.JUnitReportReporter -->
<testsuite hostname="DESKTOP-DQ56HI0" failures="0" tests="1" name="Page_Test.VehicleDamagePage_Test" time="110.291" errors="0" timestamp="2020-05-11T10:07:11 AEST" skipped="0">
  <testcase classname="Page_Test.VehicleDamagePage_Test" name="CheckVehicleDamage" time="110.291"/>
  <system-out/>
</testsuite> <!-- Page_Test.VehicleDamagePage_Test -->
