<?xml version="1.0" encoding="UTF-8"?>
<!-- Generated by org.testng.reporters.JUnitReportReporter -->
<testsuite hostname="DESKTOP-DQ56HI0" failures="0" tests="1" name="Page_Test.FirstNamePage_Test" time="145.435" errors="0" timestamp="2020-05-11T10:58:30 AEST" skipped="0">
  <testcase classname="Page_Test.FirstNamePage_Test" name="CheckNamePage" time="145.435"/>
  <system-out/>
</testsuite> <!-- Page_Test.FirstNamePage_Test -->
