<?xml version="1.0" encoding="UTF-8"?>
<!-- Generated by org.testng.reporters.JUnitReportReporter -->
<testsuite hostname="DESKTOP-DQ56HI0" failures="0" tests="1" name="Page_Test.DOBPage_Test" time="141.196" errors="0" timestamp="2020-05-11T11:12:03 AEST" skipped="0">
  <testcase classname="Page_Test.DOBPage_Test" name="CheckDOBPage" time="141.196"/>
  <system-out/>
</testsuite> <!-- Page_Test.DOBPage_Test -->
