<?xml version="1.0" encoding="UTF-8"?>
<!-- Generated by org.testng.reporters.JUnitReportReporter -->
<testsuite hostname="DESKTOP-DQ56HI0" failures="0" tests="1" name="Page_Test.NoClaimDiscPage_Test" time="182.135" errors="0" timestamp="2020-05-11T14:05:40 AEST" skipped="0">
  <testcase classname="Page_Test.NoClaimDiscPage_Test" name="CheckNoClaimDisc" time="182.135"/>
  <system-out/>
</testsuite> <!-- Page_Test.NoClaimDiscPage_Test -->
