<?xml version="1.0" encoding="UTF-8"?>
<!-- Generated by org.testng.reporters.JUnitReportReporter -->
<testsuite hostname="DESKTOP-DQ56HI0" failures="0" tests="1" name="Page_Test.EmailPage_Test" time="230.807" errors="0" timestamp="2020-05-12T10:18:12 AEST" skipped="0">
  <testcase classname="Page_Test.EmailPage_Test" name="CheckAgeRestriction" time="230.807"/>
  <system-out/>
</testsuite> <!-- Page_Test.EmailPage_Test -->
