<?xml version="1.0" encoding="UTF-8"?>
<!-- Generated by org.testng.reporters.JUnitReportReporter -->
<testsuite hostname="DESKTOP-DQ56HI0" failures="0" tests="1" name="Page_Test.DutyDisclouserPage_Test" time="39.761" errors="0" timestamp="2020-05-08T10:25:29 AEST" skipped="0">
  <testcase classname="Page_Test.DutyDisclouserPage_Test" name="CheckClickOnAgree" time="39.761"/>
  <system-out/>
</testsuite> <!-- Page_Test.DutyDisclouserPage_Test -->
