<?xml version="1.0" encoding="UTF-8"?>
<!-- Generated by org.testng.reporters.JUnitReportReporter -->
<testsuite hostname="DESKTOP-DQ56HI0" failures="0" tests="1" name="Page_Test.AgeResrictionPage_Test" time="241.160" errors="0" timestamp="2020-05-11T15:29:48 AEST" skipped="0">
  <testcase classname="Page_Test.AgeResrictionPage_Test" name="CheckAgeRestriction" time="241.160"/>
  <system-out/>
</testsuite> <!-- Page_Test.AgeResrictionPage_Test -->
