<?xml version="1.0" encoding="UTF-8"?>
<!-- Generated by org.testng.reporters.JUnitReportReporter -->
<testsuite hostname="DESKTOP-DQ56HI0" failures="0" tests="1" name="Page_Test.GenderPage_Test" time="184.454" errors="0" timestamp="2020-05-11T11:34:14 AEST" skipped="0">
  <testcase classname="Page_Test.GenderPage_Test" name="CheckGenderPage" time="184.454"/>
  <system-out/>
</testsuite> <!-- Page_Test.GenderPage_Test -->
