<?xml version="1.0" encoding="UTF-8"?>
<!-- Generated by org.testng.reporters.JUnitReportReporter -->
<testsuite hostname="DESKTOP-DQ56HI0" failures="0" tests="1" name="Page_Test.QuotePage_Test" time="12.990" errors="0" timestamp="2020-05-08T10:22:20 AEST" skipped="0">
  <testcase classname="Page_Test.QuotePage_Test" name="CheckClickOnGetQuote" time="12.990"/>
  <system-out/>
</testsuite> <!-- Page_Test.QuotePage_Test -->
