<?xml version="1.0" encoding="UTF-8"?>
<!-- Generated by org.testng.reporters.JUnitReportReporter -->
<testsuite hostname="DESKTOP-DQ56HI0" failures="0" tests="1" name="Page_Test.YoungestDriverPage_Test" time="232.097" errors="0" timestamp="2020-05-11T15:22:07 AEST" skipped="0">
  <testcase classname="Page_Test.YoungestDriverPage_Test" name="CheckYoungestDriver" time="232.097"/>
  <system-out/>
</testsuite> <!-- Page_Test.YoungestDriverPage_Test -->
