<?xml version="1.0" encoding="UTF-8"?>
<!-- Generated by org.testng.reporters.JUnitReportReporter -->
<testsuite hostname="DESKTOP-DQ56HI0" failures="0" tests="1" name="Page_Test.ClaimsPage_Test" time="154.874" errors="0" timestamp="2020-05-11T13:42:49 AEST" skipped="0">
  <testcase classname="Page_Test.ClaimsPage_Test" name="CheckClaimsPage" time="154.874"/>
  <system-out/>
</testsuite> <!-- Page_Test.ClaimsPage_Test -->
