<?xml version="1.0" encoding="UTF-8"?>
<!-- Generated by org.testng.reporters.JUnitReportReporter -->
<testsuite hostname="DESKTOP-DQ56HI0" failures="0" tests="1" name="Page_Test.NonStandAccessPage_Test" time="47.657" errors="0" timestamp="2020-05-09T17:29:45 AEST" skipped="0">
  <testcase classname="Page_Test.NonStandAccessPage_Test" name="CheckAccessoriesOpt" time="47.657"/>
  <system-out/>
</testsuite> <!-- Page_Test.NonStandAccessPage_Test -->
