<?xml version="1.0" encoding="UTF-8"?>
<!-- Generated by org.testng.reporters.JUnitReportReporter -->
<testsuite hostname="DESKTOP-DQ56HI0" failures="0" tests="1" name="Page_Test.VechRegLookupPage_Test" time="67.686" errors="0" timestamp="2020-05-09T15:20:17 AEST" skipped="0">
  <testcase classname="Page_Test.VechRegLookupPage_Test" name="CheckVechRegDetails" time="67.686"/>
  <system-out/>
</testsuite> <!-- Page_Test.VechRegLookupPage_Test -->
