<?xml version="1.0" encoding="UTF-8"?>
<!-- Generated by org.testng.reporters.JUnitReportReporter -->
<testsuite hostname="DESKTOP-DQ56HI0" failures="0" tests="1" name="Page_Test.KilometersPage_Test" time="129.250" errors="0" timestamp="2020-05-11T10:35:19 AEST" skipped="0">
  <testcase classname="Page_Test.KilometersPage_Test" name="CheckAvgKms" time="129.250"/>
  <system-out/>
</testsuite> <!-- Page_Test.KilometersPage_Test -->
