<?xml version="1.0" encoding="UTF-8"?>
<!-- Generated by org.testng.reporters.JUnitReportReporter -->
<testsuite hostname="DESKTOP-DQ56HI0" failures="0" tests="1" name="Page_Test.PolicyStartDatePage_Test" time="210.197" errors="0" timestamp="2020-05-12T10:01:57 AEST" skipped="0">
  <testcase classname="Page_Test.PolicyStartDatePage_Test" name="CheckAgeRestriction" time="210.197"/>
  <system-out/>
</testsuite> <!-- Page_Test.PolicyStartDatePage_Test -->
