<?xml version="1.0" encoding="UTF-8"?>
<!-- Generated by org.testng.reporters.JUnitReportReporter -->
<testsuite hostname="DESKTOP-DQ56HI0" failures="0" tests="1" name="Page_Test.CoverTypePage_Test" time="107.458" errors="0" timestamp="2020-05-11T09:48:29 AEST" skipped="0">
  <testcase classname="Page_Test.CoverTypePage_Test" name="CheckCoverType" time="107.458"/>
  <system-out/>
</testsuite> <!-- Page_Test.CoverTypePage_Test -->
